<?xml version="1.0" encoding="UTF-8"?>
<!-- Generated by org.testng.reporters.JUnitXMLReporter -->
<testsuite ignored="0" hostname="DESKTOP-7HIBRA7" failures="1" tests="1" name="Test" time="4.13" errors="0" timestamp="04 May 2024 02:35:30 GMT">
  <testcase classname="com.w2a.testcases.LoginTest" name="loginTest" time="3.49">
    <failure type="java.lang.AssertionError" message="Login test failed">
      <![CDATA[java.lang.AssertionError: Login test failed
	at com.w2a.testcases.LoginTest.loginTest(LoginTest.java:20)
... Removed 26 stack frames]]>
    </failure>
  </testcase> <!-- loginTest -->
</testsuite> <!-- Test -->
